nohup: ignoring input
  Installing text-embeddings-router v1.8.3 (/home/rm01/setup/text-embeddings-inference/router)
    Updating git repository `https://github.com/huggingface/candle`
    Updating git repository `https://github.com/Narsil/cudarc`
    Updating crates.io index
     Locking 511 packages to latest compatible versions
      Adding axum v0.7.9 (available: v0.8.8)
      Adding axum-tracing-opentelemetry v0.18.1 (available: v0.32.2)
      Adding generic-array v0.14.7 (available: v0.14.9)
      Adding init-tracing-opentelemetry v0.18.1 (available: v0.34.0)
      Adding metrics v0.23.1 (available: v0.24.3)
      Adding metrics-exporter-prometheus v0.15.3 (available: v0.18.1)
      Adding once_cell v1.19.0 (available: v1.21.3)
      Adding opentelemetry v0.23.0 (available: v0.31.0)
      Adding opentelemetry-otlp v0.16.0 (available: v0.31.0)
      Adding opentelemetry_sdk v0.23.0 (available: v0.31.0)
      Adding regex v1.10.6 (available: v1.12.2)
      Adding reqwest v0.12.28 (available: v0.13.1)
      Adding safetensors v0.4.5 (available: v0.7.0)
      Adding simsimd v4.4.0 (available: v6.5.12)
      Adding thiserror v1.0.69 (available: v2.0.17)
      Adding tokenizers v0.21.4 (available: v0.22.2)
      Adding tower-http v0.5.2 (available: v0.6.8)
      Adding tracing-opentelemetry v0.24.0 (available: v0.32.0)
      Adding utoipa v4.2.3 (available: v5.4.0)
      Adding utoipa-swagger-ui v7.1.0 (available: v9.0.2)
      Adding veil v0.1.7 (available: v0.3.0)
      Adding vergen v8.3.2 (available: v9.0.6)
 Downloading crates ...
  Downloaded bindgen_cuda v0.1.5
  Downloaded quote v1.0.42
  Downloaded autocfg v1.5.0
  Downloaded openssl-probe v0.2.0
  Downloaded stable_deref_trait v1.2.1
  Downloaded rayon-cond v0.4.0
  Downloaded dirs-sys v0.5.0
  Downloaded percent-encoding v2.3.2
  Downloaded errno v0.3.14
  Downloaded cfg-if v1.0.4
  Downloaded dirs v6.0.0
  Downloaded dyn-stack-macros v0.1.3
  Downloaded clap_lex v0.7.6
  Downloaded form_urlencoded v1.2.2
  Downloaded getset v0.1.6
  Downloaded castaway v0.2.4
  Downloaded crypto-common v0.1.7
  Downloaded toml_write v0.1.2
  Downloaded idna_adapter v1.2.1
  Downloaded lru-slab v0.1.2
  Downloaded anstyle-query v1.1.5
  Downloaded anstyle-parse v0.2.7
  Downloaded anstream v0.6.21
  Downloaded adler2 v2.0.1
  Downloaded itoa v1.0.17
  Downloaded is_terminal_polyfill v1.70.2
  Downloaded anstyle v1.0.13
  Downloaded num_cpus v1.17.0
  Downloaded matchers v0.2.0
  Downloaded tokio-io-timeout v1.2.1
  Downloaded macro_rules_attribute-proc_macro v0.2.2
  Downloaded monostate-impl v0.1.18
  Downloaded rust-embed-utils v8.9.0
  Downloaded async-channel v2.5.0
  Downloaded colorchoice v1.0.4
  Downloaded find-msvc-tools v0.1.6
  Downloaded candle-layer-norm v0.0.1
  Downloaded cmake v0.1.57
  Downloaded candle-rotary v0.0.1
  Downloaded candle-cublaslt v0.0.1
  Downloaded macro_rules_attribute v0.2.2
  Downloaded toml_datetime v0.6.11
  Downloaded potential_utf v0.1.4
  Downloaded yoke-derive v0.8.1
  Downloaded webpki-roots v0.26.11
  Downloaded xattr v1.6.1
  Downloaded rust-embed-impl v8.9.0
  Downloaded rustversion v1.0.22
  Downloaded toml_datetime v0.7.5+spec-1.1.0
  Downloaded ug-cuda v0.1.0
  Downloaded tinystr v0.8.2
  Downloaded synstructure v0.13.2
  Downloaded proc-macro-crate v3.4.0
  Downloaded onig v6.5.1
  Downloaded time-macros v0.2.24
  Downloaded time-core v0.1.6
  Downloaded thread_local v1.1.9
  Downloaded thiserror v2.0.17
  Downloaded lock_api v0.4.14
  Downloaded bitflags v2.10.0
  Downloaded num_enum v0.7.5
  Downloaded monostate v0.1.18
  Downloaded signal-hook-registry v1.4.8
  Downloaded ahash v0.8.12
  Downloaded hyper-rustls v0.27.7
  Downloaded event-listener v5.4.1
  Downloaded hf-hub v0.4.3
  Downloaded getrandom v0.2.16
  Downloaded litemap v0.8.1
  Downloaded libloading v0.8.9
  Downloaded nu-ansi-term v0.50.3
  Downloaded anyhow v1.0.100
  Downloaded half v2.7.1
  Downloaded clap v4.5.54
  Downloaded getrandom v0.3.4
  Downloaded metrics v0.23.1
  Downloaded log v0.4.29
  Downloaded icu_provider v2.1.1
  Downloaded icu_properties v2.1.2
  Downloaded memmap2 v0.9.9
  Downloaded bytemuck v1.24.0
  Downloaded crc32fast v1.5.0
  Downloaded iana-time-zone v0.1.64
  Downloaded clap_derive v4.5.49
  Downloaded candle-index-select-cu v0.0.1
  Downloaded bytemuck_derive v1.10.2
  Downloaded async-trait v0.1.89
  Downloaded addr2line v0.25.1
  Downloaded jobserver v0.1.34
  Downloaded glob v0.3.3
  Downloaded filetime v0.2.26
  Downloaded dyn-stack v0.13.2
  Downloaded deranged v0.5.5
  Downloaded dary_heap v0.3.8
  Downloaded slab v0.4.11
  Downloaded simd-adler32 v0.3.8
  Downloaded sha2 v0.10.9
  Downloaded serde_spanned v0.6.9
  Downloaded thiserror-impl v2.0.17
  Downloaded writeable v0.6.2
  Downloaded static_assertions v1.1.0
  Downloaded yoke v0.8.1
  Downloaded tokio-macros v2.6.0
  Downloaded zeroize v1.8.2
  Downloaded rustls-pki-types v1.13.2
  Downloaded parking_lot v0.12.5
  Downloaded unicode-ident v1.0.22
  Downloaded toml v0.8.23
  Downloaded tokio-rustls v0.26.4
  Downloaded smallvec v1.15.1
  Downloaded quinn-udp v0.5.14
  Downloaded serde_path_to_error v0.1.20
  Downloaded rustls-native-certs v0.8.3
  Downloaded num_enum_derive v0.7.5
  Downloaded rustc-demangle v0.1.26
  Downloaded icu_locale_core v2.1.1
  Downloaded icu_normalizer v2.1.1
  Downloaded miniz_oxide v0.8.9
  Downloaded icu_normalizer_data v2.1.1
  Downloaded bytes v1.11.0
  Downloaded toml_parser v1.0.6+spec-1.1.0
  Downloaded tracing-attributes v0.1.31
  Downloaded parking_lot_core v0.9.12
  Downloaded backtrace v0.3.76
  Downloaded flate2 v1.1.5
  Downloaded compact_str v0.9.0
  Downloaded hyper-util v0.1.19
  Downloaded http v1.4.0
  Downloaded memchr v2.7.6
  Downloaded icu_collections v2.1.1
  Downloaded cc v1.2.51
  Downloaded mio v1.1.1
  Downloaded indexmap v2.12.1
  Downloaded hashbrown v0.16.1
  Downloaded quanta v0.12.6
  Downloaded tokio-stream v0.1.18
  Downloaded tracing-core v0.1.36
  Downloaded hyper v1.8.1
  Downloaded uuid v1.19.0
  Downloaded aho-corasick v1.1.4
  Downloaded h2 v0.4.12
  Downloaded aws-lc-rs v1.15.2
  Downloaded h2 v0.3.27
  Downloaded zmij v1.0.10
  Downloaded toml_edit v0.23.10+spec-1.0.0
  Downloaded serde_derive v1.0.228
  Downloaded serde_core v1.0.228
  Downloaded rayon-core v1.13.0
  Downloaded clap_builder v4.5.54
  Downloaded tinyvec v1.10.0
  Downloaded socket2 v0.6.1
  Downloaded zerotrie v0.2.3
  Downloaded rustls-webpki v0.103.8
  Downloaded typenum v1.19.0
  Downloaded url v2.5.7
  Downloaded openssl-sys v0.9.111
  Downloaded toml_edit v0.22.27
  Downloaded socket2 v0.5.10
  Downloaded zerocopy-derive v0.8.31
  Downloaded ryu v1.0.22
  Downloaded quinn v0.11.9
  Downloaded proc-macro2 v1.0.104
  Downloaded serde v1.0.228
  Downloaded libm v0.2.15
  Downloaded itertools v0.14.0
  Downloaded iri-string v0.7.10
  Downloaded idna v1.1.0
  Downloaded raw-cpuid v11.6.0
  Downloaded rand v0.9.2
  Downloaded icu_properties_data v2.1.2
  Downloaded pulp v0.21.5
  Downloaded tower-http v0.6.8
  Downloaded reqwest v0.12.28
  Downloaded tokio-util v0.7.18
  Downloaded time v0.3.44
  Downloaded serde_json v1.0.148
  Downloaded rayon v1.11.0
  Downloaded portable-atomic v1.13.0
  Downloaded tokenizers v0.21.4
  Downloaded gimli v0.32.3
  Downloaded chrono v0.4.42
  Downloaded libc v0.2.179
  Downloaded winnow v0.7.14
  Downloaded webpki-roots v1.0.5
  Downloaded quinn-proto v0.11.13
  Downloaded tracing-subscriber v0.3.22
  Downloaded zerocopy v0.8.31
  Downloaded unicode-width v0.2.2
  Downloaded openssl v0.10.75
  Downloaded syn v2.0.113
  Downloaded rustls v0.23.35
  Downloaded regex-syntax v0.8.8
  Downloaded object v0.37.3
  Downloaded rustix v1.1.3
  Downloaded tracing v0.1.44
  Downloaded regex-automata v0.4.13
  Downloaded onig_sys v69.9.1
  Downloaded tokio v1.49.0
  Downloaded rust-embed v8.9.0
  Downloaded linux-raw-sys v0.11.0
  Downloaded zerovec-derive v0.11.2
  Downloaded zerovec v0.11.5
  Downloaded aws-lc-sys v0.35.0
   Compiling proc-macro2 v1.0.104
   Compiling unicode-ident v1.0.22
   Compiling quote v1.0.42
   Compiling libc v0.2.179
   Compiling cfg-if v1.0.4
   Compiling serde_core v1.0.228
   Compiling autocfg v1.5.0
   Compiling zerocopy v0.8.31
   Compiling memchr v2.7.6
   Compiling itoa v1.0.17
   Compiling libm v0.2.15
   Compiling log v0.4.29
   Compiling rayon-core v1.13.0
   Compiling serde v1.0.228
   Compiling bytes v1.11.0
   Compiling smallvec v1.15.1
   Compiling tracing-core v0.1.36
   Compiling rustversion v1.0.22
   Compiling getrandom v0.3.4
   Compiling num-traits v0.2.19
   Compiling parking_lot_core v0.9.12
   Compiling lock_api v0.4.14
   Compiling find-msvc-tools v0.1.6
   Compiling adler2 v2.0.1
   Compiling simd-adler32 v0.3.8
   Compiling slab v0.4.11
   Compiling syn v2.0.113
   Compiling miniz_oxide v0.8.9
   Compiling hashbrown v0.16.1
   Compiling either v1.15.0
   Compiling object v0.37.3
   Compiling bitflags v2.10.0
   Compiling gimli v0.32.3
   Compiling rustc-demangle v0.1.26
   Compiling errno v0.3.14
   Compiling signal-hook-registry v1.4.8
   Compiling parking_lot v0.12.5
   Compiling jobserver v0.1.34
   Compiling socket2 v0.6.1
   Compiling mio v1.1.1
   Compiling rand_core v0.9.3
   Compiling cc v1.2.51
   Compiling anyhow v1.0.100
   Compiling stable_deref_trait v1.2.1
   Compiling rayon v1.11.0
   Compiling zmij v1.0.10
   Compiling crossbeam-utils v0.8.21
   Compiling serde_json v1.0.148
   Compiling percent-encoding v2.3.2
   Compiling num_cpus v1.17.0
   Compiling pulp v0.21.5
   Compiling winnow v0.7.14
   Compiling dyn-stack-macros v0.1.3
   Compiling toml_datetime v0.7.5+spec-1.1.0
   Compiling crc32fast v1.5.0
   Compiling crossbeam-epoch v0.9.18
   Compiling raw-cpuid v11.6.0
   Compiling http v1.4.0
   Compiling indexmap v2.12.1
   Compiling crossbeam-deque v0.8.6
   Compiling addr2line v0.25.1
   Compiling typenum v1.19.0
   Compiling glob v0.3.3
   Compiling icu_normalizer_data v2.1.1
   Compiling icu_properties_data v2.1.2
   Compiling num-integer v0.1.46
   Compiling getrandom v0.2.16
   Compiling http-body v1.0.1
   Compiling toml_parser v1.0.6+spec-1.1.0
   Compiling rand_core v0.6.4
   Compiling num-bigint v0.4.6
   Compiling aho-corasick v1.1.4
   Compiling regex-syntax v0.8.8
   Compiling num-iter v0.1.45
   Compiling cudarc v0.13.5 (https://github.com/Narsil/cudarc?rev=8b4f18b4bcd5e4b1a9daf40abc3a2e27f83f06e9#8b4f18b4)
   Compiling toml_edit v0.23.10+spec-1.0.0
   Compiling synstructure v0.13.2
   Compiling backtrace v0.3.76
   Compiling memmap2 v0.9.9
   Compiling libloading v0.8.9
   Compiling openssl-sys v0.9.111
   Compiling http v0.2.12
   Compiling zeroize v1.8.2
   Compiling proc-macro-crate v3.4.0
   Compiling http-body-util v0.1.3
   Compiling cmake v0.1.57
   Compiling ordered-float v4.6.0
   Compiling num-rational v0.4.2
   Compiling bindgen_cuda v0.1.5
   Compiling indexmap v1.9.3
   Compiling litemap v0.8.1
   Compiling writeable v0.6.2
   Compiling aws-lc-sys v0.35.0
   Compiling http-body v0.4.6
   Compiling rustls-pki-types v1.13.2
   Compiling regex-automata v0.4.13
   Compiling candle-kernels v0.8.4 (https://github.com/huggingface/candle?rev=6381023982251959a2c9bab7378b3013304e192b#63810239)
   Compiling ryu v1.0.22
   Compiling form_urlencoded v1.2.2
   Compiling socket2 v0.5.10
   Compiling axum-core v0.3.4
   Compiling openssl v0.10.75
   Compiling generic-array v0.14.7
   Compiling zerocopy-derive v0.8.31
   Compiling serde_derive v1.0.228
   Compiling zerofrom-derive v0.1.6
   Compiling tracing-attributes v0.1.31
   Compiling displaydoc v0.2.5
   Compiling tokio-macros v2.6.0
   Compiling bytemuck_derive v1.10.2
   Compiling thiserror-impl v1.0.69
   Compiling futures-macro v0.3.31
   Compiling tokio v1.49.0
   Compiling yoke-derive v0.8.1
   Compiling tracing v0.1.44
   Compiling futures-util v0.3.31
   Compiling zerofrom v0.1.6
   Compiling bytemuck v1.24.0
   Compiling zerovec-derive v0.11.2
   Compiling num_enum_derive v0.7.5
   Compiling thiserror v1.0.69
   Compiling num-complex v0.4.6
   Compiling dyn-stack v0.13.2
